<?xml version="1.0" encoding="UTF-8"?>
<testsuite name="me.hardy.baseball.ValidationUtilTest" tests="1" skipped="0" failures="0" errors="0" timestamp="2022-07-07T14:51:21" hostname="hachanghyeon-ui-MacBookAir.local" time="0.029">
  <properties/>
  <testcase name="1부터 9사이의 숫자인지 체크" classname="me.hardy.baseball.ValidationUtilTest" time="0.029"/>
  <system-out><![CDATA[]]></system-out>
  <system-err><![CDATA[]]></system-err>
</testsuite>
